<?xml version="1.0" encoding="UTF-8"?>
<testng-results ignored="0" total="1" passed="1" failed="0" skipped="0">
  <reporter-output>
  </reporter-output>
  <suite started-at="2019-12-24T21:05:35 CST" name="Default suite" finished-at="2019-12-24T21:05:51 CST" duration-ms="15806">
    <groups>
    </groups>
    <test started-at="2019-12-24T21:05:35 CST" name="Default test" finished-at="2019-12-24T21:05:51 CST" duration-ms="15806">
      <class name="Clothes.DragandDrop">
        <test-method signature="f()[pri:0, instance:Clothes.DragandDrop@45dd4eda]" started-at="2019-12-24T21:05:35 CST" name="f" finished-at="2019-12-24T21:05:51 CST" duration-ms="15778" status="PASS">
          <reporter-output>
          </reporter-output>
        </test-method> <!-- f -->
      </class> <!-- Clothes.DragandDrop -->
    </test> <!-- Default test -->
  </suite> <!-- Default suite -->
</testng-results>
