<?xml version="1.0" encoding="UTF-8"?>
<!-- Generated by org.testng.reporters.JUnitXMLReporter -->
<testsuite ignored="8" hostname="DESKTOP-N3TQJIK" failures="2" tests="5" name="Groups" time="125.63" errors="0" timestamp="2019-12-24T17:15:27 CST">
  <testcase classname="Clothes.Women" name="Womn" time="6.209"/>
  <testcase classname="Clothes.Launchsetup" name="f" time="0.002"/>
  <testcase classname="Clothes.Search" name="Srch" time="5.883"/>
  <testcase classname="Clothes.Dresses" name="Dress" time="0.001">
    <failure type="java.lang.NullPointerException">
      <![CDATA[java.lang.NullPointerException
at Clothes.Dresses.Dress(Dresses.java:11)
at java.base/java.util.ArrayList.forEach(ArrayList.java:1507)
... Removed 27 stack frames]]>
    </failure>
  </testcase> <!-- Dress -->
  <testcase classname="Clothes.Tshirts" name="x" time="0.003">
    <failure type="java.lang.NullPointerException">
      <![CDATA[java.lang.NullPointerException
at Clothes.Tshirts.x(Tshirts.java:13)
at java.base/java.util.ArrayList.forEach(ArrayList.java:1507)
... Removed 27 stack frames]]>
    </failure>
  </testcase> <!-- x -->
  <testcase classname="Clothes.Launchsetup" name="f" time="0.0">
    <ignored/>
  </testcase> <!-- f -->
  <testcase classname="Clothes.Launchsetup" name="f" time="0.0">
    <ignored/>
  </testcase> <!-- f -->
  <testcase classname="Clothes.Launchsetup" name="f" time="0.0">
    <ignored/>
  </testcase> <!-- f -->
  <testcase classname="Clothes.Launchsetup" name="f" time="0.0">
    <ignored/>
  </testcase> <!-- f -->
  <testcase classname="Clothes.Launchsetup" name="@BeforeTest beforeTest" time="0.0">
    <ignored/>
  </testcase> <!-- @BeforeTest beforeTest -->
  <testcase classname="Clothes.Launchsetup" name="@BeforeTest beforeTest" time="0.0">
    <ignored/>
  </testcase> <!-- @BeforeTest beforeTest -->
  <testcase classname="Clothes.Launchsetup" name="@BeforeTest beforeTest" time="0.0">
    <ignored/>
  </testcase> <!-- @BeforeTest beforeTest -->
  <testcase classname="Clothes.Launchsetup" name="@BeforeTest beforeTest" time="0.0">
    <ignored/>
  </testcase> <!-- @BeforeTest beforeTest -->
</testsuite> <!-- Groups -->
